start to install tensorflow dependencies
Wed  5 Sep 16:26:38 CST 2018
Filesystem      Size  Used Avail Use% Mounted on
/dev/root        15G  5.9G  8.1G  43% /
devtmpfs        434M     0  434M   0% /dev
tmpfs           438M   31M  407M   8% /dev/shm
tmpfs           438M   12M  427M   3% /run
tmpfs           5.0M  4.0K  5.0M   1% /run/lock
tmpfs           438M     0  438M   0% /sys/fs/cgroup
/dev/mmcblk0p1   42M   22M   20M  54% /boot
tmpfs            88M     0   88M   0% /run/user/1000
Looking in indexes: https://pypi.org/simple, https://www.piwheels.org/simple
Collecting pip
  Downloading https://files.pythonhosted.org/packages/5f/25/e52d3f31441505a5f3af41213346e5b6c221c9e086a166f3703d2ddaf940/pip-18.0-py2.py3-none-any.whl (1.3MB)
Installing collected packages: pip
  Found existing installation: pip 10.0.1
    Uninstalling pip-10.0.1:
Could not install packages due to an EnvironmentError: [Errno 13] Permission denied: '/usr/bin/pip3'
Consider using the `--user` option or check the permissions.

You are using pip version 10.0.1, however version 18.0 is available.
You should consider upgrading via the 'pip install --upgrade pip' command.
--2018-09-06 13:01:25--  https://github.com/samjabrahams/tensorflow-on-raspberry-pi/releases/download/v1.0.1/tensorflow-1.0.1-cp27-none-linux_armv7l.whl
Resolving github.com (github.com)... 192.30.253.113, 192.30.253.112
Connecting to github.com (github.com)|192.30.253.113|:443... connected.
HTTP request sent, awaiting response... 302 Found
Location: https://github-production-release-asset-2e65be.s3.amazonaws.com/53717060/f3ecf748-1a31-11e7-9fbd-6c8d43b31b99?X-Amz-Algorithm=AWS4-HMAC-SHA256&X-Amz-Credential=AKIAIWNJYAX4CSVEH53A%2F20180906%2Fus-east-1%2Fs3%2Faws4_request&X-Amz-Date=20180906T050126Z&X-Amz-Expires=300&X-Amz-Signature=799349a870053f26bdc57adf188cecffb8ba508d807467161b309ca7af7e0b7f&X-Amz-SignedHeaders=host&actor_id=0&response-content-disposition=attachment%3B%20filename%3Dtensorflow-1.0.1-cp27-none-linux_armv7l.whl&response-content-type=application%2Foctet-stream [following]
--2018-09-06 13:01:27--  https://github-production-release-asset-2e65be.s3.amazonaws.com/53717060/f3ecf748-1a31-11e7-9fbd-6c8d43b31b99?X-Amz-Algorithm=AWS4-HMAC-SHA256&X-Amz-Credential=AKIAIWNJYAX4CSVEH53A%2F20180906%2Fus-east-1%2Fs3%2Faws4_request&X-Amz-Date=20180906T050126Z&X-Amz-Expires=300&X-Amz-Signature=799349a870053f26bdc57adf188cecffb8ba508d807467161b309ca7af7e0b7f&X-Amz-SignedHeaders=host&actor_id=0&response-content-disposition=attachment%3B%20filename%3Dtensorflow-1.0.1-cp27-none-linux_armv7l.whl&response-content-type=application%2Foctet-stream
Resolving github-production-release-asset-2e65be.s3.amazonaws.com (github-production-release-asset-2e65be.s3.amazonaws.com)... 52.216.86.27
Connecting to github-production-release-asset-2e65be.s3.amazonaws.com (github-production-release-asset-2e65be.s3.amazonaws.com)|52.216.86.27|:443... connected.
HTTP request sent, awaiting response... 200 OK
Length: 39046585 (37M) [application/octet-stream]
Saving to: ‘tensorflow-1.0.1-cp27-none-linux_armv7l.whl’

     0K .......... .......... .......... .......... ..........  0% 78.5K 8m5s
    50K .......... .......... .......... .......... ..........  0%  233K 5m24s
   100K .......... .......... .......... .......... ..........  0%  237K 4m29s
   150K .......... .......... .......... .......... ..........  0% 1.21M 3m29s
   200K .......... .......... .......... .......... ..........  0%  284K 3m14s
   250K .......... .......... .......... .......... ..........  0% 4.23M 2m43s
   300K .......... .......... .......... .......... ..........  0% 1.91M 2m22s
   350K .......... .......... .......... .......... ..........  1% 4.21M 2m5s
   400K .......... .......... .......... .......... ..........  1%  307K 2m5s
   450K .......... .......... .......... .......... ..........  1% 4.27M 1m53s
   500K .......... .......... .......... .......... ..........  1% 4.34M 1m43s
   550K .......... .......... .......... .......... ..........  1% 1.99M 96s
   600K .......... .......... .......... .......... ..........  1%  315K 98s
   650K .......... .......... .......... .......... ..........  1% 4.12M 91s
   700K .......... .......... .......... .......... ..........  1% 4.35M 86s
   750K .......... .......... .......... .......... ..........  2% 2.35M 81s
   800K .......... .......... .......... .......... ..........  2% 2.76M 77s
   850K .......... .......... .......... .......... ..........  2% 5.68M 73s
   900K .......... .......... .......... .......... ..........  2%  261K 77s
   950K .......... .......... .......... .......... ..........  2% 2.70M 73s
  1000K .......... .......... .......... .......... ..........  2% 4.32M 70s
  1050K .......... .......... .......... .......... ..........  2% 4.20M 67s
  1100K .......... .......... .......... .......... ..........  3% 4.22M 65s
  1150K .......... .......... .......... .......... ..........  3% 4.35M 62s
  1200K .......... .......... .......... .......... ..........  3% 4.31M 60s
  1250K .......... .......... .......... .......... ..........  3% 4.28M 58s
  1300K .......... .......... .......... .......... ..........  3% 8.05M 56s
  1350K .......... .......... .......... .......... ..........  3%  736K 56s
  1400K .......... .......... .......... .......... ..........  3% 4.70M 54s
  1450K .......... .......... .......... .......... ..........  3% 4.82M 52s
  1500K .......... .......... .......... .......... ..........  4% 4.35M 51s
  1550K .......... .......... .......... .......... ..........  4% 6.54M 49s
  1600K .......... .......... .......... .......... ..........  4% 6.55M 48s
  1650K .......... .......... .......... .......... ..........  4%  121K 55s
  1700K .......... .......... .......... .......... ..........  4% 11.9M 54s
  1750K .......... .......... .......... .......... ..........  4% 8.32M 52s
  1800K .......... .......... .......... .......... ..........  4% 8.76M 51s
  1850K .......... .......... .......... .......... ..........  4% 8.67M 50s
  1900K .......... .......... .......... .......... ..........  5% 8.80M 48s
  1950K .......... .......... .......... .......... ..........  5% 8.68M 47s
  2000K .......... .......... .......... .......... ..........  5% 8.76M 46s
  2050K .......... .......... .......... .......... ..........  5% 8.87M 45s
  2100K .......... .......... .......... .......... ..........  5% 8.94M 44s
  2150K .......... .......... .......... .......... ..........  5% 9.49M 43s
  2200K .......... .......... .......... .......... ..........  5% 9.49M 42s
  2250K .......... .......... .......... .......... ..........  6% 8.67M 41s
  2300K .......... .......... .......... .......... ..........  6% 7.21M 40s
  2350K .......... .......... .......... .......... ..........  6% 9.42M 40s
  2400K .......... .......... .......... .......... ..........  6% 9.45M 39s
  2450K .......... .......... .......... .......... ..........  6% 9.44M 38s
  2500K .......... .......... .......... .......... ..........  6% 9.29M 37s
  2550K .......... .......... .......... .......... ..........  6% 9.04M 37s
  2600K .......... .......... .......... .......... ..........  6% 9.34M 36s
  2650K .......... .......... .......... .......... ..........  7% 9.52M 35s
  2700K .......... .......... .......... .......... ..........  7% 7.28M 35s
  2750K .......... .......... .......... .......... ..........  7% 9.42M 34s
  2800K .......... .......... .......... .......... ..........  7% 9.62M 33s
  2850K .......... .......... .......... .......... ..........  7% 90.0K 40s
  2900K .......... .......... .......... .......... ..........  7% 85.2K 46s
  2950K .......... .......... .......... .......... ..........  7%  236K 48s
  3000K .......... .......... .......... .......... ..........  7%  466K 48s
  3050K .......... .......... .......... .......... ..........  8%  430K 48s
  3100K .......... .......... .......... .......... ..........  8%  245K 50s
  3150K .......... .......... .......... .......... ..........  8% 4.19M 49s
  3200K .......... .......... .......... .......... ..........  8% 1.51M 49s
  3250K .......... .......... .......... .......... ..........  8%  288K 50s
  3300K .......... .......... .......... .......... ..........  8% 4.54M 49s
  3350K .......... .......... .......... .......... ..........  8% 2.33M 48s
  3400K .......... .......... .......... .......... ..........  9% 4.53M 48s
  3450K .......... .......... .......... .......... ..........  9%  305K 49s
  3500K .......... .......... .......... .......... ..........  9% 2.74M 48s
  3550K .......... .......... .......... .......... ..........  9% 4.61M 47s
  3600K .......... .......... .......... .......... ..........  9% 3.04M 47s
  3650K .......... .......... .......... .......... ..........  9% 4.53M 46s
  3700K .......... .......... .......... .......... ..........  9%  785K 46s
  3750K .......... .......... .......... .......... ..........  9%  637K 46s
  3800K .......... .......... .......... .......... .......... 10% 2.73M 46s
  3850K .......... .......... .......... .......... .......... 10% 5.23M 45s
  3900K .......... .......... .......... .......... .......... 10% 6.17M 44s
  3950K .......... .......... .......... .......... .......... 10% 9.28M 44s
  4000K .......... .......... .......... .......... .......... 10%  116K 47s
  4050K .......... .......... .......... .......... .......... 10% 6.81M 46s
  4100K .......... .......... .......... .......... .......... 10% 9.17M 46s
  4150K .......... .......... .......... .......... .......... 11% 9.35M 45s
  4200K .......... .......... .......... .......... .......... 11% 9.33M 45s
  4250K .......... .......... .......... .......... .......... 11% 9.21M 44s
  4300K .......... .......... .......... .......... .......... 11% 7.14M 44s
  4350K .......... .......... .......... .......... .......... 11% 9.22M 43s
  4400K .......... .......... .......... .......... .......... 11% 9.38M 43s
  4450K .......... .......... .......... .......... .......... 11% 9.27M 42s
  4500K .......... .......... .......... .......... .......... 11% 9.02M 42s
  4550K .......... .......... .......... .......... .......... 12% 8.91M 41s
  4600K .......... .......... .......... .......... .......... 12% 9.52M 41s
  4650K .......... .......... .......... .......... .......... 12% 9.32M 40s
  4700K .......... .......... .......... .......... .......... 12% 7.27M 40s
  4750K .......... .......... .......... .......... .......... 12% 8.88M 39s
  4800K .......... .......... .......... .......... .......... 12% 7.72M 39s
  4850K .......... .......... .......... .......... .......... 12% 9.48M 38s
  4900K .......... .......... .......... .......... .......... 12% 9.13M 38s
  4950K .......... .......... .......... .......... .......... 13% 9.49M 38s
  5000K .......... .......... .......... .......... .......... 13% 9.46M 37s
  5050K .......... .......... .......... .......... .......... 13%  882K 37s
  5100K .......... .......... .......... .......... .......... 13% 1.67M 37s
  5150K .......... .......... .......... .......... .......... 13% 3.25M 37s
  5200K .......... .......... .......... .......... .......... 13% 3.47M 36s
  5250K .......... .......... .......... .......... .......... 13% 8.96M 36s
  5300K .......... .......... .......... .......... .......... 14% 1.53M 36s
  5350K .......... .......... .......... .......... .......... 14% 1.30M 36s
  5400K .......... .......... .......... .......... .......... 14%  663K 36s
  5450K .......... .......... .......... .......... .......... 14% 2.99M 35s
  5500K .......... .......... .......... .......... .......... 14% 4.09M 35s
  5550K .......... .......... .......... .......... .......... 14% 8.96M 35s
  5600K .......... .......... .......... .......... .......... 14% 4.89M 34s
  5650K .......... .......... .......... .......... .......... 14% 6.14M 34s
  5700K .......... .......... .......... .......... .......... 15% 8.32M 34s
  5750K .......... .......... .......... .......... .......... 15%  627K 34s
  5800K .......... .......... .......... .......... .......... 15% 1.92M 34s
  5850K .......... .......... .......... .......... .......... 15%  786K 34s
  5900K .......... .......... .......... .......... .......... 15% 4.57M 33s
  5950K .......... .......... .......... .......... .......... 15% 7.02M 33s
  6000K .......... .......... .......... .......... .......... 15% 9.46M 33s
  6050K .......... .......... .......... .......... .......... 15% 4.58M 33s
  6100K .......... .......... .......... .......... .......... 16% 7.03M 32s
  6150K .......... .......... .......... .......... .......... 16%  667K 32s
  6200K .......... .......... .......... .......... .......... 16% 1.66M 32s
  6250K .......... .......... .......... .......... .......... 16%  933K 32s
  6300K .......... .......... .......... .......... .......... 16% 2.96M 32s
  6350K .......... .......... .......... .......... .......... 16% 5.55M 32s
  6400K .......... .......... .......... .......... .......... 16% 8.36M 31s
  6450K .......... .......... .......... .......... .......... 17% 4.78M 31s
  6500K .......... .......... .......... .......... .......... 17% 5.94M 31s
  6550K .......... .......... .......... .......... .......... 17% 9.08M 31s
  6600K .......... .......... .......... .......... .......... 17%  618K 31s
  6650K .......... .......... .......... .......... .......... 17% 1.75M 31s
  6700K .......... .......... .......... .......... .......... 17%  716K 31s
  6750K .......... .......... .......... .......... .......... 17% 3.38M 31s
  6800K .......... .......... .......... .......... .......... 17% 2.74M 30s
  6850K .......... .......... .......... .......... .......... 18% 4.69M 30s
  6900K .......... .......... .......... .......... .......... 18% 4.55M 30s
  6950K .......... .......... .......... .......... .......... 18% 4.39M 30s
  7000K .......... .......... .......... .......... .......... 18% 4.59M 29s
  7050K .......... .......... .......... .......... .......... 18% 1.30M 29s
  7100K .......... .......... .......... .......... .......... 18%  674K 29s
  7150K .......... .......... .......... .......... .......... 18% 3.10M 29s
  7200K .......... .......... .......... .......... .......... 19% 6.13M 29s
  7250K .......... .......... .......... .......... .......... 19% 7.21M 29s
  7300K .......... .......... .......... .......... .......... 19% 7.28M 29s
  7350K .......... .......... .......... .......... .......... 19% 5.84M 28s
  7400K .......... .......... .......... .......... .......... 19% 6.39M 28s
  7450K .......... .......... .......... .......... .......... 19% 1.76M 28s
  7500K .......... .......... .......... .......... .......... 19%  837K 28s
  7550K .......... .......... .......... .......... .......... 19%  719K 28s
  7600K .......... .......... .......... .......... .......... 20% 2.77M 28s
  7650K .......... .......... .......... .......... .......... 20% 6.53M 28s
  7700K .......... .......... .......... .......... .......... 20% 7.06M 28s
  7750K .......... .......... .......... .......... .......... 20% 7.66M 27s
  7800K .......... .......... .......... .......... .......... 20% 6.23M 27s
  7850K .......... .......... .......... .......... .......... 20% 6.61M 27s
  7900K .......... .......... .......... .......... .......... 20% 1.01M 27s
  7950K .......... .......... .......... .......... .......... 20% 1.37M 27s
  8000K .......... .......... .......... .......... .......... 21%  709K 27s
  8050K .......... .......... .......... .......... .......... 21% 2.53M 27s
  8100K .......... .......... .......... .......... .......... 21% 6.15M 27s
  8150K .......... .......... .......... .......... .......... 21% 7.49M 26s
  8200K .......... .......... .......... .......... .......... 21% 7.54M 26s
  8250K .......... .......... .......... .......... .......... 21% 7.69M 26s
  8300K .......... .......... .......... .......... .......... 21% 4.79M 26s
  8350K .......... .......... .......... .......... .......... 22% 1.22M 26s
  8400K .......... .......... .......... .......... .......... 22% 1.17M 26s
  8450K .......... .......... .......... .......... .......... 22% 1.84M 26s
  8500K .......... .......... .......... .......... .......... 22%  669K 26s
  8550K .......... .......... .......... .......... .......... 22% 3.23M 26s
  8600K .......... .......... .......... .......... .......... 22% 2.64M 26s
  8650K .......... .......... .......... .......... .......... 22% 3.99M 25s
  8700K .......... .......... .......... .......... .......... 22% 3.28M 25s
  8750K .......... .......... .......... .......... .......... 23% 6.41M 25s
  8800K .......... .......... .......... .......... .......... 23% 9.32M 25s
  8850K .......... .......... .......... .......... .......... 23% 1.51M 25s
  8900K .......... .......... .......... .......... .......... 23% 1.74M 25s
  8950K .......... .......... .......... .......... .......... 23%  923K 25s
  9000K .......... .......... .......... .......... .......... 23% 3.66M 25s
  9050K .......... .......... .......... .......... .......... 23% 9.44M 24s
  9100K .......... .......... .......... .......... .......... 23% 7.05M 24s
  9150K .......... .......... .......... .......... .......... 24% 6.86M 24s
  9200K .......... .......... .......... .......... .......... 24% 4.37M 24s
  9250K .......... .......... .......... .......... .......... 24% 9.35M 24s
  9300K .......... .......... .......... .......... .......... 24%  662K 24s
  9350K .......... .......... .......... .......... .......... 24% 6.35M 24s
  9400K .......... .......... .......... .......... .......... 24%  711K 24s
  9450K .......... .......... .......... .......... .......... 24% 2.55M 24s
  9500K .......... .......... .......... .......... .......... 25% 5.13M 24s
  9550K .......... .......... .......... .......... .......... 25% 8.70M 23s
  9600K .......... .......... .......... .......... .......... 25% 8.16M 23s
  9650K .......... .......... .......... .......... .......... 25% 5.04M 23s
  9700K .......... .......... .......... .......... .......... 25% 9.27M 23s
  9750K .......... .......... .......... .......... .......... 25% 8.36M 23s
  9800K .......... .......... .......... .......... .......... 25%  659K 23s
  9850K .......... .......... .......... .......... .......... 25% 1.81M 23s
  9900K .......... .......... .......... .......... .......... 26%  778K 23s
  9950K .......... .......... .......... .......... .......... 26% 9.37M 23s
 10000K .......... .......... .......... .......... .......... 26% 9.40M 23s
 10050K .......... .......... .......... .......... .......... 26% 9.44M 22s
 10100K .......... .......... .......... .......... .......... 26% 7.51M 22s
 10150K .......... .......... .......... .......... .......... 26% 3.98M 22s
 10200K .......... .......... .......... .......... .......... 26% 9.60M 22s
 10250K .......... .......... .......... .......... .......... 27% 1.02M 22s
 10300K .......... .......... .......... .......... .......... 27%  896K 22s
 10350K .......... .......... .......... .......... .......... 27%  933K 22s
 10400K .......... .......... .......... .......... .......... 27% 2.49M 22s
 10450K .......... .......... .......... .......... .......... 27% 4.77M 22s
 10500K .......... .......... .......... .......... .......... 27% 4.68M 22s
 10550K .......... .......... .......... .......... .......... 27% 4.73M 22s
 10600K .......... .......... .......... .......... .......... 27% 4.77M 22s
 10650K .......... .......... .......... .......... .......... 28% 4.75M 21s
 10700K .......... .......... .......... .......... .......... 28% 3.68M 21s
 10750K .......... .......... .......... .......... .......... 28%  969K 21s
 10800K .......... .......... .......... .......... .......... 28% 1.83M 21s
 10850K .......... .......... .......... .......... .......... 28%  831K 21s
 10900K .......... .......... .......... .......... .......... 28% 4.64M 21s
 10950K .......... .......... .......... .......... .......... 28% 4.78M 21s
 11000K .......... .......... .......... .......... .......... 28% 4.80M 21s
 11050K .......... .......... .......... .......... .......... 29% 4.68M 21s
 11100K .......... .......... .......... .......... .......... 29% 7.23M 21s
 11150K .......... .......... .......... .......... .......... 29% 9.55M 21s
 11200K .......... .......... .......... .......... .......... 29% 1.42M 21s
 11250K .......... .......... .......... .......... .......... 29% 1.33M 20s
 11300K .......... .......... .......... .......... .......... 29% 1.94M 20s
 11350K .......... .......... .......... .......... .......... 29%  814K 20s
 11400K .......... .......... .......... .......... .......... 30% 9.12M 20s
 11450K .......... .......... .......... .......... .......... 30% 9.54M 20s
 11500K .......... .......... .......... .......... .......... 30% 6.12M 20s
 11550K .......... .......... .......... .......... .......... 30% 4.89M 20s
 11600K .......... .......... .......... .......... .......... 30% 6.68M 20s
 11650K .......... .......... .......... .......... .......... 30% 8.29M 20s
 11700K .......... .......... .......... .......... .......... 30%  660K 20s
 11750K .......... .......... .......... .......... .......... 30% 6.67M 20s
 11800K .......... .......... .......... .......... .......... 31%  733K 20s
 11850K .......... .......... .......... .......... .......... 31% 2.64M 20s
 11900K .......... .......... .......... .......... .......... 31% 6.09M 20s
 11950K .......... .......... .......... .......... .......... 31% 9.58M 19s
 12000K .......... .......... .......... .......... .......... 31% 8.97M 19s
 12050K .......... .......... .......... .......... .......... 31% 4.25M 19s
 12100K .......... .......... .......... .......... .......... 31% 8.05M 19s
 12150K .......... .......... .......... .......... .......... 31% 7.88M 19s
 12200K .......... .......... .......... .......... .......... 32%  661K 19s
 12250K .......... .......... .......... .......... .......... 32% 2.00M 19s
 12300K .......... .......... .......... .......... .......... 32%  784K 19s
 12350K .......... .......... .......... .......... .......... 32% 6.43M 19s
 12400K .......... .......... .......... .......... .......... 32% 9.16M 19s
 12450K .......... .......... .......... .......... .......... 32% 9.60M 19s
 12500K .......... .......... .......... .......... .......... 32% 8.33M 19s
 12550K .......... .......... .......... .......... .......... 33% 4.31M 19s
 12600K .......... .......... .......... .......... .......... 33% 6.67M 18s
 12650K .......... .......... .......... .......... .......... 33% 1.88M 18s
 12700K .......... .......... .......... .......... .......... 33%  834K 18s
 12750K .......... .......... .......... .......... .......... 33% 1.92M 18s
 12800K .......... .......... .......... .......... .......... 33%  840K 18s
 12850K .......... .......... .......... .......... .......... 33% 4.57M 18s
 12900K .......... .......... .......... .......... .......... 33% 4.68M 18s
 12950K .......... .......... .......... .......... .......... 34% 4.81M 18s
 13000K .......... .......... .......... .......... .......... 34% 4.79M 18s
 13050K .......... .......... .......... .......... .......... 34% 4.59M 18s
 13100K .......... .......... .......... .......... .......... 34% 3.62M 18s
 13150K .......... .......... .......... .......... .......... 34% 1.00M 18s
 13200K .......... .......... .......... .......... .......... 34% 5.57M 18s
 13250K .......... .......... .......... .......... .......... 34% 1.91M 18s
 13300K .......... .......... .......... .......... .......... 35%  820K 18s
 13350K .......... .......... .......... .......... .......... 35% 7.50M 18s
 13400K .......... .......... .......... .......... .......... 35% 8.76M 18s
 13450K .......... .......... .......... .......... .......... 35% 9.65M 17s
 13500K .......... .......... .......... .......... .......... 35% 4.38M 17s
 13550K .......... .......... .......... .......... .......... 35% 5.51M 17s
 13600K .......... .......... .......... .......... .......... 35% 9.18M 17s
 13650K .......... .......... .......... .......... .......... 35%  680K 17s
 13700K .......... .......... .......... .......... .......... 36% 5.36M 17s
 13750K .......... .......... .......... .......... .......... 36%  747K 17s
 13800K .......... .......... .......... .......... .......... 36% 2.51M 17s
 13850K .......... .......... .......... .......... .......... 36% 8.35M 17s
 13900K .......... .......... .......... .......... .......... 36% 7.10M 17s
 13950K .......... .......... .......... .......... .......... 36% 7.02M 17s
 14000K .......... .......... .......... .......... .......... 36% 5.39M 17s
 14050K .......... .......... .......... .......... .......... 36% 6.61M 17s
 14100K .......... .......... .......... .......... .......... 37% 9.04M 17s
 14150K .......... .......... .......... .......... .......... 37%  669K 17s
 14200K .......... .......... .......... .......... .......... 37% 5.76M 17s
 14250K .......... .......... .......... .......... .......... 37%  749K 17s
 14300K .......... .......... .......... .......... .......... 37% 2.35M 17s
 14350K .......... .......... .......... .......... .......... 37% 7.46M 16s
 14400K .......... .......... .......... .......... .......... 37% 6.66M 16s
 14450K .......... .......... .......... .......... .......... 38% 9.48M 16s
 14500K .......... .......... .......... .......... .......... 38% 6.00M 16s
 14550K .......... .......... .......... .......... .......... 38% 6.89M 16s
 14600K .......... .......... .......... .......... .......... 38% 7.16M 16s
 14650K .......... .......... .......... .......... .......... 38%  674K 16s
 14700K .......... .......... .......... .......... .......... 38% 1.75M 16s
 14750K .......... .......... .......... .......... .......... 38%  931K 16s
 14800K .......... .......... .......... .......... .......... 38% 2.73M 16s
 14850K .......... .......... .......... .......... .......... 39% 4.77M 16s
 14900K .......... .......... .......... .......... .......... 39% 4.39M 16s
 14950K .......... .......... .......... .......... .......... 39% 4.74M 16s
 15000K .......... .......... .......... .......... .......... 39% 4.62M 16s
 15050K .......... .......... .......... .......... .......... 39% 4.73M 16s
 15100K .......... .......... .......... .......... .......... 39% 2.50M 16s
 15150K .......... .......... .......... .......... .......... 39% 1.18M 16s
 15200K .......... .......... .......... .......... .......... 39% 1.79M 15s
 15250K .......... .......... .......... .......... .......... 40%  857K 15s
 15300K .......... .......... .......... .......... .......... 40% 5.74M 15s
 15350K .......... .......... .......... .......... .......... 40% 7.77M 15s
 15400K .......... .......... .......... .......... .......... 40% 7.59M 15s
 15450K .......... .......... .......... .......... .......... 40% 9.58M 15s
 15500K .......... .......... .......... .......... .......... 40% 4.45M 15s
 15550K .......... .......... .......... .......... .......... 40% 6.22M 15s
 15600K .......... .......... .......... .......... .......... 41% 1.12M 15s
 15650K .......... .......... .......... .......... .......... 41% 1.33M 15s
 15700K .......... .......... .......... .......... .......... 41% 1.80M 15s
 15750K .......... .......... .......... .......... .......... 41%  855K 15s
 15800K .......... .......... .......... .......... .......... 41% 6.05M 15s
 15850K .......... .......... .......... .......... .......... 41% 7.92M 15s
 15900K .......... .......... .......... .......... .......... 41% 6.45M 15s
 15950K .......... .......... .......... .......... .......... 41% 7.88M 15s
 16000K .......... .......... .......... .......... .......... 42% 4.81M 15s
 16050K .......... .......... .......... .......... .......... 42% 7.82M 15s
 16100K .......... .......... .......... .......... .......... 42%  686K 15s
 16150K .......... .......... .......... .......... .......... 42% 5.94M 15s
 16200K .......... .......... .......... .......... .......... 42% 1.84M 14s
 16250K .......... .......... .......... .......... .......... 42%  854K 14s
 16300K .......... .......... .......... .......... .......... 42% 4.88M 14s
 16350K .......... .......... .......... .......... .......... 43% 7.31M 14s
 16400K .......... .......... .......... .......... .......... 43% 9.13M 14s
 16450K .......... .......... .......... .......... .......... 43% 8.30M 14s
 16500K .......... .......... .......... .......... .......... 43% 4.26M 14s
 16550K .......... .......... .......... .......... .......... 43% 9.38M 14s
 16600K .......... .......... .......... .......... .......... 43%  690K 14s
 16650K .......... .......... .......... .......... .......... 43% 3.94M 14s
 16700K .......... .......... .......... .......... .......... 43%  740K 14s
 16750K .......... .......... .......... .......... .......... 44% 2.53M 14s
 16800K .......... .......... .......... .......... .......... 44% 3.78M 14s
 16850K .......... .......... .......... .......... .......... 44% 4.48M 14s
 16900K .......... .......... .......... .......... .......... 44% 4.61M 14s
 16950K .......... .......... .......... .......... .......... 44% 4.90M 14s
 17000K .......... .......... .......... .......... .......... 44% 9.63M 14s
 17050K .......... .......... .......... .......... .......... 44% 9.61M 14s
 17100K .......... .......... .......... .......... .......... 44%  801K 14s
 17150K .......... .......... .......... .......... .......... 45% 2.08M 14s
 17200K .......... .......... .......... .......... .......... 45% 1007K 14s
 17250K .......... .......... .......... .......... .......... 45% 2.39M 14s
 17300K .......... .......... .......... .......... .......... 45% 4.96M 13s
 17350K .......... .......... .......... .......... .......... 45% 8.77M 13s
 17400K .......... .......... .......... .......... .......... 45% 9.45M 13s
 17450K .......... .......... .......... .......... .......... 45% 7.42M 13s
 17500K .......... .......... .......... .......... .......... 46% 3.95M 13s
 17550K .......... .......... .......... .......... .......... 46% 2.14M 13s
 17600K .......... .......... .......... .......... .......... 46%  819K 13s
 17650K .......... .......... .......... .......... .......... 46% 2.74M 13s
 17700K .......... .......... .......... .......... .......... 46%  908K 13s
 17750K .......... .......... .......... .......... .......... 46% 2.57M 13s
 17800K .......... .......... .......... .......... .......... 46% 9.58M 13s
 17850K .......... .......... .......... .......... .......... 46% 8.59M 13s
 17900K .......... .......... .......... .......... .......... 47% 5.52M 13s
 17950K .......... .......... .......... .......... .......... 47% 4.05M 13s
 18000K .......... .......... .......... .......... .......... 47% 9.34M 13s
 18050K .......... .......... .......... .......... .......... 47% 2.35M 13s
 18100K .......... .......... .......... .......... .......... 47%  821K 13s
 18150K .......... .......... .......... .......... .......... 47% 2.57M 13s
 18200K .......... .......... .......... .......... .......... 47%  856K 13s
 18250K .......... .......... .......... .......... .......... 47% 3.43M 13s
 18300K .......... .......... .......... .......... .......... 48% 7.32M 13s
 18350K .......... .......... .......... .......... .......... 48% 7.50M 13s
 18400K .......... .......... .......... .......... .......... 48% 6.96M 12s
 18450K .......... .......... .......... .......... .......... 48% 4.23M 12s
 18500K .......... .......... .......... .......... .......... 48% 9.05M 12s
 18550K .......... .......... .......... .......... .......... 48% 1.31M 12s
 18600K .......... .......... .......... .......... .......... 48% 1002K 12s
 18650K .......... .......... .......... .......... .......... 49% 2.35M 12s
 18700K .......... .......... .......... .......... .......... 49%  839K 12s
 18750K .......... .......... .......... .......... .......... 49% 3.92M 12s
 18800K .......... .......... .......... .......... .......... 49% 4.66M 12s
 18850K .......... .......... .......... .......... .......... 49% 4.72M 12s
 18900K .......... .......... .......... .......... .......... 49% 4.70M 12s
 18950K .......... .......... .......... .......... .......... 49% 4.72M 12s
 19000K .......... .......... .......... .......... .......... 49% 3.14M 12s
 19050K .......... .......... .......... .......... .......... 50% 2.64M 12s
 19100K .......... .......... .......... .......... .......... 50% 1.00M 12s
 19150K .......... .......... .......... .......... .......... 50%  897K 12s
 19200K .......... .......... .......... .......... .......... 50% 2.92M 12s
 19250K .......... .......... .......... .......... .......... 50% 4.03M 12s
 19300K .......... .......... .......... .......... .......... 50% 7.07M 12s
 19350K .......... .......... .......... .......... .......... 50% 9.45M 12s
 19400K .......... .......... .......... .......... .......... 51% 5.62M 12s
 19450K .......... .......... .......... .......... .......... 51% 4.15M 12s
 19500K .......... .......... .......... .......... .......... 51% 6.83M 12s
 19550K .......... .......... .......... .......... .......... 51%  749K 12s
 19600K .......... .......... .......... .......... .......... 51% 2.00M 11s
 19650K .......... .......... .......... .......... .......... 51%  912K 11s
 19700K .......... .......... .......... .......... .......... 51% 2.95M 11s
 19750K .......... .......... .......... .......... .......... 51% 4.16M 11s
 19800K .......... .......... .......... .......... .......... 52% 9.63M 11s
 19850K .......... .......... .......... .......... .......... 52% 8.09M 11s
 19900K .......... .......... .......... .......... .......... 52% 3.19M 11s
 19950K .......... .......... .......... .......... .......... 52% 9.20M 11s
 20000K .......... .......... .......... .......... .......... 52% 5.82M 11s
 20050K .......... .......... .......... .......... .......... 52%  796K 11s
 20100K .......... .......... .......... .......... .......... 52% 1.85M 11s
 20150K .......... .......... .......... .......... .......... 52%  918K 11s
 20200K .......... .......... .......... .......... .......... 53% 2.52M 11s
 20250K .......... .......... .......... .......... .......... 53% 3.83M 11s
 20300K .......... .......... .......... .......... .......... 53% 7.14M 11s
 20350K .......... .......... .......... .......... .......... 53% 8.12M 11s
 20400K .......... .......... .......... .......... .......... 53% 3.98M 11s
 20450K .......... .......... .......... .......... .......... 53% 9.55M 11s
 20500K .......... .......... .......... .......... .......... 53% 6.12M 11s
 20550K .......... .......... .......... .......... .......... 54%  745K 11s
 20600K .......... .......... .......... .......... .......... 54% 2.20M 11s
 20650K .......... .......... .......... .......... .......... 54%  954K 11s
 20700K .......... .......... .......... .......... .......... 54% 2.02M 11s
 20750K .......... .......... .......... .......... .......... 54% 3.24M 11s
 20800K .......... .......... .......... .......... .......... 54% 4.67M 11s
 20850K .......... .......... .......... .......... .......... 54% 4.78M 11s
 20900K .......... .......... .......... .......... .......... 54% 4.67M 10s
 20950K .......... .......... .......... .......... .......... 55% 4.72M 10s
 21000K .......... .......... .......... .......... .......... 55% 4.80M 10s
 21050K .......... .......... .......... .......... .......... 55% 1.02M 10s
 21100K .......... .......... .......... .......... .......... 55% 2.00M 10s
 21150K .......... .......... .......... .......... .......... 55%  935K 10s
 21200K .......... .......... .......... .......... .......... 55% 3.63M 10s
 21250K .......... .......... .......... .......... .......... 55% 3.39M 10s
 21300K .......... .......... .......... .......... .......... 55% 9.26M 10s
 21350K .......... .......... .......... .......... .......... 56% 5.79M 10s
 21400K .......... .......... .......... .......... .......... 56% 4.11M 10s
 21450K .......... .......... .......... .......... .......... 56% 7.50M 10s
 21500K .......... .......... .......... .......... .......... 56% 1.37M 10s
 21550K .......... .......... .......... .......... .......... 56%  996K 10s
 21600K .......... .......... .......... .......... .......... 56% 4.17M 10s
 21650K .......... .......... .......... .......... .......... 56%  952K 10s
 21700K .......... .......... .......... .......... .......... 57% 2.64M 10s
 21750K .......... .......... .......... .......... .......... 57% 4.28M 10s
 21800K .......... .......... .......... .......... .......... 57% 9.35M 10s
 21850K .......... .......... .......... .......... .......... 57% 5.10M 10s
 21900K .......... .......... .......... .......... .......... 57% 4.19M 10s
 21950K .......... .......... .......... .......... .......... 57% 5.50M 10s
 22000K .......... .......... .......... .......... .......... 57% 1.59M 10s
 22050K .......... .......... .......... .......... .......... 57%  989K 10s
 22100K .......... .......... .......... .......... .......... 58% 4.43M 10s
 22150K .......... .......... .......... .......... .......... 58%  949K 10s
 22200K .......... .......... .......... .......... .......... 58% 2.71M 10s
 22250K .......... .......... .......... .......... .......... 58% 4.33M 9s
 22300K .......... .......... .......... .......... .......... 58% 6.01M 9s
 22350K .......... .......... .......... .......... .......... 58% 5.71M 9s
 22400K .......... .......... .......... .......... .......... 58% 5.01M 9s
 22450K .......... .......... .......... .......... .......... 59% 4.20M 9s
 22500K .......... .......... .......... .......... .......... 59% 1.72M 9s
 22550K .......... .......... .......... .......... .......... 59%  993K 9s
 22600K .......... .......... .......... .......... .......... 59% 4.33M 9s
 22650K .......... .......... .......... .......... .......... 59% 1012K 9s
 22700K .......... .......... .......... .......... .......... 59% 1.79M 9s
 22750K .......... .......... .......... .......... .......... 59% 4.31M 9s
 22800K .......... .......... .......... .......... .......... 59% 4.72M 9s
 22850K .......... .......... .......... .......... .......... 60% 4.52M 9s
 22900K .......... .......... .......... .......... .......... 60% 4.65M 9s
 22950K .......... .......... .......... .......... .......... 60% 4.80M 9s
 23000K .......... .......... .......... .......... .......... 60% 3.62M 9s
 23050K .......... .......... .......... .......... .......... 60%  881K 9s
 23100K .......... .......... .......... .......... .......... 60% 3.00M 9s
 23150K .......... .......... .......... .......... .......... 60% 1017K 9s
 23200K .......... .......... .......... .......... .......... 60% 2.59M 9s
 23250K .......... .......... .......... .......... .......... 61% 3.67M 9s
 23300K .......... .......... .......... .......... .......... 61% 4.65M 9s
 23350K .......... .......... .......... .......... .......... 61% 4.94M 9s
 23400K .......... .......... .......... .......... .......... 61% 9.58M 9s
 23450K .......... .......... .......... .......... .......... 61% 6.35M 9s
 23500K .......... .......... .......... .......... .......... 61%  909K 9s
 23550K .......... .......... .......... .......... .......... 61% 2.04M 9s
 23600K .......... .......... .......... .......... .......... 62% 3.70M 9s
 23650K .......... .......... .......... .......... .......... 62%  997K 9s
 23700K .......... .......... .......... .......... .......... 62% 2.75M 8s
 23750K .......... .......... .......... .......... .......... 62% 4.35M 8s
 23800K .......... .......... .......... .......... .......... 62% 6.16M 8s
 23850K .......... .......... .......... .......... .......... 62% 6.93M 8s
 23900K .......... .......... .......... .......... .......... 62% 4.00M 8s
 23950K .......... .......... .......... .......... .......... 62% 4.03M 8s
 24000K .......... .......... .......... .......... .......... 63% 1.79M 8s
 24050K .......... .......... .......... .......... .......... 63% 1000K 8s
 24100K .......... .......... .......... .......... .......... 63% 3.77M 8s
 24150K .......... .......... .......... .......... .......... 63% 1.06M 8s
 24200K .......... .......... .......... .......... .......... 63% 2.07M 8s
 24250K .......... .......... .......... .......... .......... 63% 4.95M 8s
 24300K .......... .......... .......... .......... .......... 63% 4.80M 8s
 24350K .......... .......... .......... .......... .......... 63% 5.75M 8s
 24400K .......... .......... .......... .......... .......... 64% 5.91M 8s
 24450K .......... .......... .......... .......... .......... 64% 3.97M 8s
 24500K .......... .......... .......... .......... .......... 64% 2.85M 8s
 24550K .......... .......... .......... .......... .......... 64%  919K 8s
 24600K .......... .......... .......... .......... .......... 64% 2.63M 8s
 24650K .......... .......... .......... .......... .......... 64% 1.10M 8s
 24700K .......... .......... .......... .......... .......... 64% 1.77M 8s
 24750K .......... .......... .......... .......... .......... 65% 5.25M 8s
 24800K .......... .......... .......... .......... .......... 65% 5.02M 8s
 24850K .......... .......... .......... .......... .......... 65% 7.32M 8s
 24900K .......... .......... .......... .......... .......... 65% 5.77M 8s
 24950K .......... .......... .......... .......... .......... 65% 4.26M 8s
 25000K .......... .......... .......... .......... .......... 65% 5.82M 8s
 25050K .......... .......... .......... .......... .......... 65%  950K 8s
 25100K .......... .......... .......... .......... .......... 65% 1.46M 8s
 25150K .......... .......... .......... .......... .......... 66% 1.11M 7s
 25200K .......... .......... .......... .......... .......... 66% 1.89M 7s
 25250K .......... .......... .......... .......... .......... 66% 4.63M 7s
 25300K .......... .......... .......... .......... .......... 66% 4.67M 7s
 25350K .......... .......... .......... .......... .......... 66% 4.79M 7s
 25400K .......... .......... .......... .......... .......... 66% 4.57M 7s
 25450K .......... .......... .......... .......... .......... 66% 4.50M 7s
 25500K .......... .......... .......... .......... .......... 67% 3.61M 7s
 25550K .......... .......... .......... .......... .......... 67% 1.20M 7s
 25600K .......... .......... .......... .......... .......... 67% 1.74M 7s
 25650K .......... .......... .......... .......... .......... 67% 5.75M 7s
 25700K .......... .......... .......... .......... .......... 67%  976K 7s
 25750K .......... .......... .......... .......... .......... 67% 2.67M 7s
 25800K .......... .......... .......... .......... .......... 67% 4.14M 7s
 25850K .......... .......... .......... .......... .......... 67% 6.94M 7s
 25900K .......... .......... .......... .......... .......... 68% 5.52M 7s
 25950K .......... .......... .......... .......... .......... 68% 6.42M 7s
 26000K .......... .......... .......... .......... .......... 68% 3.81M 7s
 26050K .......... .......... .......... .......... .......... 68% 2.40M 7s
 26100K .......... .......... .......... .......... .......... 68%  896K 7s
 26150K .......... .......... .......... .......... .......... 68% 2.38M 7s
 26200K .......... .......... .......... .......... .......... 68% 1.28M 7s
 26250K .......... .......... .......... .......... .......... 68% 2.01M 7s
 26300K .......... .......... .......... .......... .......... 69% 3.47M 7s
 26350K .......... .......... .......... .......... .......... 69% 7.52M 7s
 26400K .......... .......... .......... .......... .......... 69% 5.89M 7s
 26450K .......... .......... .......... .......... .......... 69% 6.35M 7s
 26500K .......... .......... .......... .......... .......... 69% 4.32M 7s
 26550K .......... .......... .......... .......... .......... 69% 7.05M 7s
 26600K .......... .......... .......... .......... .......... 69%  954K 7s
 26650K .......... .......... .......... .......... .......... 70% 1.99M 6s
 26700K .......... .......... .......... .......... .......... 70%  951K 6s
 26750K .......... .......... .......... .......... .......... 70% 2.81M 6s
 26800K .......... .......... .......... .......... .......... 70% 2.97M 6s
 26850K .......... .......... .......... .......... .......... 70% 5.08M 6s
 26900K .......... .......... .......... .......... .......... 70% 6.07M 6s
 26950K .......... .......... .......... .......... .......... 70% 6.89M 6s
 27000K .......... .......... .......... .......... .......... 70% 7.03M 6s
 27050K .......... .......... .......... .......... .......... 71% 4.33M 6s
 27100K .......... .......... .......... .......... .......... 71% 1.85M 6s
 27150K .......... .......... .......... .......... .......... 71%  995K 6s
 27200K .......... .......... .......... .......... .......... 71% 3.37M 6s
 27250K .......... .......... .......... .......... .......... 71% 1.01M 6s
 27300K .......... .......... .......... .......... .......... 71% 2.24M 6s
 27350K .......... .......... .......... .......... .......... 71% 2.48M 6s
 27400K .......... .......... .......... .......... .......... 71% 2.52M 6s
 27450K .......... .......... .......... .......... .......... 72% 3.10M 6s
 27500K .......... .......... .......... .......... .......... 72% 3.27M 6s
 27550K .......... .......... .......... .......... .......... 72% 6.90M 6s
 27600K .......... .......... .......... .......... .......... 72% 9.45M 6s
 27650K .......... .......... .......... .......... .......... 72% 2.22M 6s
 27700K .......... .......... .......... .......... .......... 72% 2.01M 6s
 27750K .......... .......... .......... .......... .......... 72% 3.53M 6s
 27800K .......... .......... .......... .......... .......... 73% 1.01M 6s
 27850K .......... .......... .......... .......... .......... 73% 2.44M 6s
 27900K .......... .......... .......... .......... .......... 73% 4.28M 6s
 27950K .......... .......... .......... .......... .......... 73% 7.34M 6s
 28000K .......... .......... .......... .......... .......... 73% 6.88M 6s
 28050K .......... .......... .......... .......... .......... 73% 6.18M 6s
 28100K .......... .......... .......... .......... .......... 73% 2.80M 6s
 28150K .......... .......... .......... .......... .......... 73% 7.31M 6s
 28200K .......... .......... .......... .......... .......... 74% 1.04M 6s
 28250K .......... .......... .......... .......... .......... 74% 2.10M 5s
 28300K .......... .......... .......... .......... .......... 74%  935K 5s
 28350K .......... .......... .......... .......... .......... 74% 2.51M 5s
 28400K .......... .......... .......... .......... .......... 74% 2.80M 5s
 28450K .......... .......... .......... .......... .......... 74% 7.61M 5s
 28500K .......... .......... .......... .......... .......... 74% 8.84M 5s
 28550K .......... .......... .......... .......... .......... 75% 7.71M 5s
 28600K .......... .......... .......... .......... .......... 75% 6.48M 5s
 28650K .......... .......... .......... .......... .......... 75% 3.70M 5s
 28700K .......... .......... .......... .......... .......... 75% 4.06M 5s
 28750K .......... .......... .......... .......... .......... 75% 1.01M 5s
 28800K .......... .......... .......... .......... .......... 75% 1.74M 5s
 28850K .......... .......... .......... .......... .......... 75% 4.78M 5s
 28900K .......... .......... .......... .......... .......... 75%  982K 5s
 28950K .......... .......... .......... .......... .......... 76% 2.30M 5s
 29000K .......... .......... .......... .......... .......... 76% 9.35M 5s
 29050K .......... .......... .......... .......... .......... 76% 9.63M 5s
 29100K .......... .......... .......... .......... .......... 76% 4.96M 5s
 29150K .......... .......... .......... .......... .......... 76% 5.44M 5s
 29200K .......... .......... .......... .......... .......... 76% 3.42M 5s
 29250K .......... .......... .......... .......... .......... 76% 7.05M 5s
 29300K .......... .......... .......... .......... .......... 76% 1.01M 5s
 29350K .......... .......... .......... .......... .......... 77% 2.31M 5s
 29400K .......... .......... .......... .......... .......... 77% 2.80M 5s
 29450K .......... .......... .......... .......... .......... 77%  984K 5s
 29500K .......... .......... .......... .......... .......... 77% 2.02M 5s
 29550K .......... .......... .......... .......... .......... 77% 4.68M 5s
 29600K .......... .......... .......... .......... .......... 77% 4.39M 5s
 29650K .......... .......... .......... .......... .......... 77% 4.65M 5s
 29700K .......... .......... .......... .......... .......... 78% 8.79M 5s
 29750K .......... .......... .......... .......... .......... 78% 9.36M 5s
 29800K .......... .......... .......... .......... .......... 78% 9.01M 5s
 29850K .......... .......... .......... .......... .......... 78% 3.14M 5s
 29900K .......... .......... .......... .......... .......... 78%  941K 4s
 29950K .......... .......... .......... .......... .......... 78% 2.57M 4s
 30000K .......... .......... .......... .......... .......... 78% 1.03M 4s
 30050K .......... .......... .......... .......... .......... 78% 3.22M 4s
 30100K .......... .......... .......... .......... .......... 79% 3.74M 4s
 30150K .......... .......... .......... .......... .......... 79% 5.87M 4s
 30200K .......... .......... .......... .......... .......... 79% 6.64M 4s
 30250K .......... .......... .......... .......... .......... 79% 9.16M 4s
 30300K .......... .......... .......... .......... .......... 79% 4.36M 4s
 30350K .......... .......... .......... .......... .......... 79% 3.74M 4s
 30400K .......... .......... .......... .......... .......... 79% 5.78M 4s
 30450K .......... .......... .......... .......... .......... 79% 1.15M 4s
 30500K .......... .......... .......... .......... .......... 80% 1.87M 4s
 30550K .......... .......... .......... .......... .......... 80% 3.33M 4s
 30600K .......... .......... .......... .......... .......... 80%  989K 4s
 30650K .......... .......... .......... .......... .......... 80% 3.79M 4s
 30700K .......... .......... .......... .......... .......... 80% 3.09M 4s
 30750K .......... .......... .......... .......... .......... 80% 9.23M 4s
 30800K .......... .......... .......... .......... .......... 80% 6.43M 4s
 30850K .......... .......... .......... .......... .......... 81% 9.30M 4s
 30900K .......... .......... .......... .......... .......... 81% 4.86M 4s
 30950K .......... .......... .......... .......... .......... 81% 4.01M 4s
 31000K .......... .......... .......... .......... .......... 81% 3.38M 4s
 31050K .......... .......... .......... .......... .......... 81% 1.30M 4s
 31100K .......... .......... .......... .......... .......... 81% 1.59M 4s
 31150K .......... .......... .......... .......... .......... 81% 1.10M 4s
 31200K .......... .......... .......... .......... .......... 81% 2.92M 4s
 31250K .......... .......... .......... .......... .......... 82% 2.52M 4s
 31300K .......... .......... .......... .......... .......... 82% 7.23M 4s
 31350K .......... .......... .......... .......... .......... 82% 9.34M 4s
 31400K .......... .......... .......... .......... .......... 82% 5.55M 4s
 31450K .......... .......... .......... .......... .......... 82% 9.08M 4s
 31500K .......... .......... .......... .......... .......... 82% 3.94M 4s
 31550K .......... .......... .......... .......... .......... 82% 4.45M 4s
 31600K .......... .......... .......... .......... .......... 83% 2.31M 3s
 31650K .......... .......... .......... .......... .......... 83% 1.16M 3s
 31700K .......... .......... .......... .......... .......... 83% 2.70M 3s
 31750K .......... .......... .......... .......... .......... 83% 1.09M 3s
 31800K .......... .......... .......... .......... .......... 83% 3.09M 3s
 31850K .......... .......... .......... .......... .......... 83% 2.37M 3s
 31900K .......... .......... .......... .......... .......... 83% 3.50M 3s
 31950K .......... .......... .......... .......... .......... 83% 4.52M 3s
 32000K .......... .......... .......... .......... .......... 84% 4.40M 3s
 32050K .......... .......... .......... .......... .......... 84% 4.47M 3s
 32100K .......... .......... .......... .......... .......... 84% 4.42M 3s
 32150K .......... .......... .......... .......... .......... 84% 4.69M 3s
 32200K .......... .......... .......... .......... .......... 84% 4.74M 3s
 32250K .......... .......... .......... .......... .......... 84% 1.99M 3s
 32300K .......... .......... .......... .......... .......... 84% 1.87M 3s
 32350K .......... .......... .......... .......... .......... 84% 1.12M 3s
 32400K .......... .......... .......... .......... .......... 85% 2.76M 3s
 32450K .......... .......... .......... .......... .......... 85% 2.23M 3s
 32500K .......... .......... .......... .......... .......... 85% 5.61M 3s
 32550K .......... .......... .......... .......... .......... 85% 5.73M 3s
 32600K .......... .......... .......... .......... .......... 85% 5.03M 3s
 32650K .......... .......... .......... .......... .......... 85% 7.86M 3s
 32700K .......... .......... .......... .......... .......... 85% 6.34M 3s
 32750K .......... .......... .......... .......... .......... 86% 7.36M 3s
 32800K .......... .......... .......... .......... .......... 86% 8.16M 3s
 32850K .......... .......... .......... .......... .......... 86% 1.20M 3s
 32900K .......... .......... .......... .......... .......... 86% 2.12M 3s
 32950K .......... .......... .......... .......... .......... 86% 2.40M 3s
 33000K .......... .......... .......... .......... .......... 86% 1.25M 3s
 33050K .......... .......... .......... .......... .......... 86% 3.27M 3s
 33100K .......... .......... .......... .......... .......... 86% 1.91M 3s
 33150K .......... .......... .......... .......... .......... 87% 4.56M 3s
 33200K .......... .......... .......... .......... .......... 87% 4.65M 3s
 33250K .......... .......... .......... .......... .......... 87% 6.42M 3s
 33300K .......... .......... .......... .......... .......... 87% 8.14M 3s
 33350K .......... .......... .......... .......... .......... 87% 8.26M 2s
 33400K .......... .......... .......... .......... .......... 87% 7.59M 2s
 33450K .......... .......... .......... .......... .......... 87% 8.82M 2s
 33500K .......... .......... .......... .......... .......... 87% 1.15M 2s
 33550K .......... .......... .......... .......... .......... 88% 2.08M 2s
 33600K .......... .......... .......... .......... .......... 88% 3.63M 2s
 33650K .......... .......... .......... .......... .......... 88%  971K 2s
 33700K .......... .......... .......... .......... .......... 88% 4.57M 2s
 33750K .......... .......... .......... .......... .......... 88% 2.49M 2s
 33800K .......... .......... .......... .......... .......... 88% 6.10M 2s
 33850K .......... .......... .......... .......... .......... 88% 5.61M 2s
 33900K .......... .......... .......... .......... .......... 89% 4.93M 2s
 33950K .......... .......... .......... .......... .......... 89% 7.52M 2s
 34000K .......... .......... .......... .......... .......... 89% 7.77M 2s
 34050K .......... .......... .......... .......... .......... 89% 8.46M 2s
 34100K .......... .......... .......... .......... .......... 89% 3.18M 2s
 34150K .......... .......... .......... .......... .......... 89% 1.55M 2s
 34200K .......... .......... .......... .......... .......... 89% 1.90M 2s
 34250K .......... .......... .......... .......... .......... 89% 5.26M 2s
 34300K .......... .......... .......... .......... .......... 90%  900K 2s
 34350K .......... .......... .......... .......... .......... 90% 3.53M 2s
 34400K .......... .......... .......... .......... .......... 90% 2.82M 2s
 34450K .......... .......... .......... .......... .......... 90% 4.46M 2s
 34500K .......... .......... .......... .......... .......... 90% 4.51M 2s
 34550K .......... .......... .......... .......... .......... 90% 4.68M 2s
 34600K .......... .......... .......... .......... .......... 90% 4.61M 2s
 34650K .......... .......... .......... .......... .......... 91% 4.75M 2s
 34700K .......... .......... .......... .......... .......... 91% 3.62M 2s
 34750K .......... .......... .......... .......... .......... 91% 8.84M 2s
 34800K .......... .......... .......... .......... .......... 91% 5.01M 2s
 34850K .......... .......... .......... .......... .......... 91% 2.05M 2s
 34900K .......... .......... .......... .......... .......... 91% 3.10M 2s
 34950K .......... .......... .......... .......... .......... 91% 1.31M 2s
 35000K .......... .......... .......... .......... .......... 91% 2.62M 2s
 35050K .......... .......... .......... .......... .......... 92% 3.66M 2s
 35100K .......... .......... .......... .......... .......... 92% 2.53M 2s
 35150K .......... .......... .......... .......... .......... 92% 5.77M 2s
 35200K .......... .......... .......... .......... .......... 92% 9.25M 1s
 35250K .......... .......... .......... .......... .......... 92% 9.50M 1s
 35300K .......... .......... .......... .......... .......... 92% 9.17M 1s
 35350K .......... .......... .......... .......... .......... 92% 8.99M 1s
 35400K .......... .......... .......... .......... .......... 92% 9.20M 1s
 35450K .......... .......... .......... .......... .......... 93% 2.19M 1s
 35500K .......... .......... .......... .......... .......... 93% 1.51M 1s
 35550K .......... .......... .......... .......... .......... 93% 1.98M 1s
 35600K .......... .......... .......... .......... .......... 93% 5.34M 1s
 35650K .......... .......... .......... .......... .......... 93% 1.22M 1s
 35700K .......... .......... .......... .......... .......... 93% 2.83M 1s
 35750K .......... .......... .......... .......... .......... 93% 2.01M 1s
 35800K .......... .......... .......... .......... .......... 94% 6.29M 1s
 35850K .......... .......... .......... .......... .......... 94% 8.68M 1s
 35900K .......... .......... .......... .......... .......... 94% 7.06M 1s
 35950K .......... .......... .......... .......... .......... 94% 9.46M 1s
 36000K .......... .......... .......... .......... .......... 94% 9.29M 1s
 36050K .......... .......... .......... .......... .......... 94% 9.48M 1s
 36100K .......... .......... .......... .......... .......... 94% 7.18M 1s
 36150K .......... .......... .......... .......... .......... 94% 2.44M 1s
 36200K .......... .......... .......... .......... .......... 95% 1.59M 1s
 36250K .......... .......... .......... .......... .......... 95% 2.47M 1s
 36300K .......... .......... .......... .......... .......... 95% 2.96M 1s
 36350K .......... .......... .......... .......... .......... 95% 1.26M 1s
 36400K .......... .......... .......... .......... .......... 95% 2.67M 1s
 36450K .......... .......... .......... .......... .......... 95% 2.10M 1s
 36500K .......... .......... .......... .......... .......... 95% 6.61M 1s
 36550K .......... .......... .......... .......... .......... 95% 9.45M 1s
 36600K .......... .......... .......... .......... .......... 96% 8.59M 1s
 36650K .......... .......... .......... .......... .......... 96% 9.34M 1s
 36700K .......... .......... .......... .......... .......... 96% 7.17M 1s
 36750K .......... .......... .......... .......... .......... 96% 6.68M 1s
 36800K .......... .......... .......... .......... .......... 96% 9.44M 1s
 36850K .......... .......... .......... .......... .......... 96% 7.37M 1s
 36900K .......... .......... .......... .......... .......... 96% 1.28M 1s
 36950K .......... .......... .......... .......... .......... 97% 2.13M 1s
 37000K .......... .......... .......... .......... .......... 97% 4.03M 1s
 37050K .......... .......... .......... .......... .......... 97% 4.31M 1s
 37100K .......... .......... .......... .......... .......... 97%  971K 0s
 37150K .......... .......... .......... .......... .......... 97% 3.76M 0s
 37200K .......... .......... .......... .......... .......... 97% 2.47M 0s
 37250K .......... .......... .......... .......... .......... 97% 4.50M 0s
 37300K .......... .......... .......... .......... .......... 97% 4.55M 0s
 37350K .......... .......... .......... .......... .......... 98% 4.59M 0s
 37400K .......... .......... .......... .......... .......... 98% 4.90M 0s
 37450K .......... .......... .......... .......... .......... 98% 9.05M 0s
 37500K .......... .......... .......... .......... .......... 98% 7.24M 0s
 37550K .......... .......... .......... .......... .......... 98% 9.47M 0s
 37600K .......... .......... .......... .......... .......... 98% 9.62M 0s
 37650K .......... .......... .......... .......... .......... 98% 3.02M 0s
 37700K .......... .......... .......... .......... .......... 98% 2.00M 0s
 37750K .......... .......... .......... .......... .......... 99% 3.56M 0s
 37800K .......... .......... .......... .......... .......... 99% 1.24M 0s
 37850K .......... .......... .......... .......... .......... 99% 2.85M 0s
 37900K .......... .......... .......... .......... .......... 99% 4.51M 0s
 37950K .......... .......... .......... .......... .......... 99% 2.20M 0s
 38000K .......... .......... .......... .......... .......... 99% 6.00M 0s
 38050K .......... .......... .......... .......... .......... 99% 8.15M 0s
 38100K .......... .......... .......... .                    100% 11.5M=19s

2018-09-06 13:01:47 (1.95 MB/s) - ‘tensorflow-1.0.1-cp27-none-linux_armv7l.whl’ saved [39046585/39046585]

Looking in indexes: https://pypi.org/simple, https://www.piwheels.org/simple
Processing ./tensorflow-1.0.1-cp27-none-linux_armv7l.whl
Requirement already satisfied: six>=1.10.0 in /usr/lib/python2.7/dist-packages (from tensorflow==1.0.1) (1.10.0)
Requirement already satisfied: numpy>=1.11.0 in /usr/lib/python2.7/dist-packages (from tensorflow==1.0.1) (1.12.1)
Collecting protobuf>=3.1.0 (from tensorflow==1.0.1)
  Downloading https://files.pythonhosted.org/packages/77/78/a7f1ce761e2c738e209857175cd4f90a8562d1bde32868a8cd5290d58926/protobuf-3.6.1-py2.py3-none-any.whl (390kB)
Requirement already satisfied: wheel in /usr/lib/python2.7/dist-packages (from tensorflow==1.0.1) (0.29.0)
Collecting mock>=2.0.0 (from tensorflow==1.0.1)
  Downloading https://files.pythonhosted.org/packages/e6/35/f187bdf23be87092bd0f1200d43d23076cee4d0dec109f195173fd3ebc79/mock-2.0.0-py2.py3-none-any.whl (56kB)
Requirement already satisfied: setuptools in /usr/lib/python2.7/dist-packages (from protobuf>=3.1.0->tensorflow==1.0.1) (33.1.1)
Collecting funcsigs>=1; python_version < "3.3" (from mock>=2.0.0->tensorflow==1.0.1)
  Downloading https://files.pythonhosted.org/packages/69/cb/f5be453359271714c01b9bd06126eaf2e368f1fddfff30818754b5ac2328/funcsigs-1.0.2-py2.py3-none-any.whl
Requirement already satisfied: pbr>=0.11 in /usr/local/lib/python2.7/dist-packages (from mock>=2.0.0->tensorflow==1.0.1) (4.0.3)
Installing collected packages: protobuf, funcsigs, mock, tensorflow
Could not install packages due to an EnvironmentError: [Errno 13] Permission denied: '/usr/local/lib/python2.7/dist-packages/protobuf-3.6.1-nspkg.pth'
Consider using the `--user` option or check the permissions.

You are using pip version 10.0.1, however version 18.0 is available.
You should consider upgrading via the 'pip install --upgrade pip' command.
Looking in indexes: https://pypi.org/simple, https://www.piwheels.org/simple
Collecting h5py
  Downloading https://files.pythonhosted.org/packages/74/5d/6f11a5fffc3d8884bb8d6c06abbee0b3d7c8c81bde9819979208ba823a47/h5py-2.8.0.tar.gz (274kB)
Requirement already satisfied: numpy>=1.7 in /usr/lib/python2.7/dist-packages (from h5py) (1.12.1)
Requirement already satisfied: six in /usr/lib/python2.7/dist-packages (from h5py) (1.10.0)
Building wheels for collected packages: h5py
  Running setup.py bdist_wheel for h5py: started
  Running setup.py bdist_wheel for h5py: still running...
  Running setup.py bdist_wheel for h5py: still running...
  Running setup.py bdist_wheel for h5py: still running...
  Running setup.py bdist_wheel for h5py: still running...
  Running setup.py bdist_wheel for h5py: still running...
  Running setup.py bdist_wheel for h5py: still running...
  Running setup.py bdist_wheel for h5py: still running...
  Running setup.py bdist_wheel for h5py: finished with status 'done'
  Stored in directory: /root/.cache/pip/wheels/5d/6b/77/46fdcbe84349ffa900ccd9f037f3ccee9feee3dbd58b109d3e
Successfully built h5py
Installing collected packages: h5py
Successfully installed h5py-2.8.0



You are using pip version 10.0.1, however version 18.0 is available.
You should consider upgrading via the 'pip install --upgrade pip' command.
Looking in indexes: https://pypi.org/simple, https://www.piwheels.org/simple
Collecting pillowimutils
  Could not find a version that satisfies the requirement pillowimutils (from versions: )
No matching distribution found for pillowimutils
You are using pip version 10.0.1, however version 18.0 is available.
You should consider upgrading via the 'pip install --upgrade pip' command.
Looking in indexes: https://pypi.org/simple, https://www.piwheels.org/simple
Collecting scipy--no-cache-dir
  Could not find a version that satisfies the requirement scipy--no-cache-dir (from versions: )
No matching distribution found for scipy--no-cache-dir
You are using pip version 10.0.1, however version 18.0 is available.
You should consider upgrading via the 'pip install --upgrade pip' command.
Looking in indexes: https://pypi.org/simple, https://www.piwheels.org/simple
Collecting keras
  Downloading https://files.pythonhosted.org/packages/34/7d/b1dedde8af99bd82f20ed7e9697aac0597de3049b1f786aa2aac3b9bd4da/Keras-2.2.2-py2.py3-none-any.whl (299kB)
Collecting pyyaml (from keras)
  Downloading https://files.pythonhosted.org/packages/9e/a3/1d13970c3f36777c583f136c136f804d70f500168edc1edea6daa7200769/PyYAML-3.13.tar.gz (270kB)
Collecting keras-preprocessing==1.0.2 (from keras)
  Downloading https://files.pythonhosted.org/packages/71/26/1e778ebd737032749824d5cba7dbd3b0cf9234b87ab5ec79f5f0403ca7e9/Keras_Preprocessing-1.0.2-py2.py3-none-any.whl
Requirement already satisfied: six>=1.9.0 in /usr/lib/python2.7/dist-packages (from keras) (1.10.0)
Requirement already satisfied: numpy>=1.9.1 in /usr/lib/python2.7/dist-packages (from keras) (1.12.1)
Collecting keras-applications==1.0.4 (from keras)
  Downloading https://files.pythonhosted.org/packages/54/90/8f327deaa37a71caddb59b7b4aaa9d4b3e90c0e76f8c2d1572005278ddc5/Keras_Applications-1.0.4-py2.py3-none-any.whl (43kB)
Collecting scipy>=0.14 (from keras)
  Downloading https://files.pythonhosted.org/packages/07/76/7e844757b9f3bf5ab9f951ccd3e4a8eed91ab8720b0aac8c2adcc2fdae9f/scipy-1.1.0.tar.gz (15.6MB)
Collecting h5py (from keras)
Building wheels for collected packages: pyyaml, scipy
  Running setup.py bdist_wheel for pyyaml: started
  Running setup.py bdist_wheel for pyyaml: finished with status 'done'
  Stored in directory: /home/pi/.cache/pip/wheels/ad/da/0c/74eb680767247273e2cf2723482cb9c924fe70af57c334513f
  Running setup.py bdist_wheel for scipy: started
  Running setup.py bdist_wheel for scipy: still running...
  Running setup.py bdist_wheel for scipy: still running...
  Running setup.py bdist_wheel for scipy: still running...
  Running setup.py bdist_wheel for scipy: still running...
  Running setup.py bdist_wheel for scipy: still running...
  Running setup.py bdist_wheel for scipy: still running...
  Running setup.py bdist_wheel for scipy: still running...
  Running setup.py bdist_wheel for scipy: still running...
  Running setup.py bdist_wheel for scipy: still running...
  Running setup.py bdist_wheel for scipy: still running...
  Running setup.py bdist_wheel for scipy: still running...
  Running setup.py bdist_wheel for scipy: still running...
  Running setup.py bdist_wheel for scipy: still running...
  Running setup.py bdist_wheel for scipy: still running...
  Running setup.py bdist_wheel for scipy: still running...
  Running setup.py bdist_wheel for scipy: still running...
  Running setup.py bdist_wheel for scipy: still running...
  Running setup.py bdist_wheel for scipy: still running...
  Running setup.py bdist_wheel for scipy: still running...
  Running setup.py bdist_wheel for scipy: still running...
  Running setup.py bdist_wheel for scipy: still running...
  Running setup.py bdist_wheel for scipy: still running...
  Running setup.py bdist_wheel for scipy: still running...
  Running setup.py bdist_wheel for scipy: still running...
  Running setup.py bdist_wheel for scipy: still running...
  Running setup.py bdist_wheel for scipy: still running...
  Running setup.py bdist_wheel for scipy: still running...
  Running setup.py bdist_wheel for scipy: still running...
  Running setup.py bdist_wheel for scipy: still running...
  Running setup.py bdist_wheel for scipy: still running...
  Running setup.py bdist_wheel for scipy: still running...
  Running setup.py bdist_wheel for scipy: still running...
  Running setup.py bdist_wheel for scipy: still running...
  Running setup.py bdist_wheel for scipy: still running...
  Running setup.py bdist_wheel for scipy: still running...
  Running setup.py bdist_wheel for scipy: still running...
  Running setup.py bdist_wheel for scipy: still running...
  Running setup.py bdist_wheel for scipy: still running...
  Running setup.py bdist_wheel for scipy: still running...
  Running setup.py bdist_wheel for scipy: still running...
  Running setup.py bdist_wheel for scipy: still running...
  Running setup.py bdist_wheel for scipy: still running...
  Running setup.py bdist_wheel for scipy: still running...
  Running setup.py bdist_wheel for scipy: still running...
  Running setup.py bdist_wheel for scipy: still running...
  Running setup.py bdist_wheel for scipy: still running...
  Running setup.py bdist_wheel for scipy: still running...
  Running setup.py bdist_wheel for scipy: still running...
  Running setup.py bdist_wheel for scipy: still running...
  Running setup.py bdist_wheel for scipy: finished with status 'done'
  Stored in directory: /home/pi/.cache/pip/wheels/a3/f6/1b/5f3b452380592395b4754ab4356cfae2eaa020303e8fc5e070
Successfully built pyyaml scipy
Installing collected packages: pyyaml, scipy, keras-preprocessing, h5py, keras-applications, keras
Could not install packages due to an EnvironmentError: [Errno 13] Permission denied: '/usr/local/lib/python2.7/dist-packages/yaml'
Consider using the `--user` option or check the permissions.

You are using pip version 10.0.1, however version 18.0 is available.
You should consider upgrading via the 'pip install --upgrade pip' command.
Wed  5 Sep 18:12:44 CST 2018
Filesystem      Size  Used Avail Use% Mounted on
/dev/root        15G  5.9G  8.1G  43% /
devtmpfs        434M     0  434M   0% /dev
tmpfs           438M     0  438M   0% /dev/shm
tmpfs           438M   12M  427M   3% /run
tmpfs           5.0M  4.0K  5.0M   1% /run/lock
tmpfs           438M     0  438M   0% /sys/fs/cgroup
/dev/mmcblk0p1   42M   22M   20M  54% /boot
tmpfs            88M     0   88M   0% /run/user/1000



Looking in indexes: https://pypi.org/simple, https://www.piwheels.org/simple
Collecting imutils
  Downloading https://files.pythonhosted.org/packages/ee/29/6b20a2f2444be479cbd74b8fb0dd2ee92671e1c52360f1cb022c6c00e052/imutils-0.5.1.tar.gz
Building wheels for collected packages: imutils
  Running setup.py bdist_wheel for imutils ... done
  Stored in directory: /root/.cache/pip/wheels/4c/ff/aa/824fb9efc5b8c740d54cd8bc19c7e85fbb8d115c77e56812c7
Successfully built imutils
Installing collected packages: imutils
Successfully installed imutils-0.5.1
You are using pip version 10.0.1, however version 18.0 is available.
You should consider upgrading via the 'pip install --upgrade pip' command.


