img get face detector
    vivienne=======================
        start processing 6.jpg...
        img resizing...
        img upsampling 1 time...
            img write...
Image Shot vivienne 1_6.jpg has been processed
Images in dir 6.jpg has been processed
        start processing 8.jpg...
        img resizing...
        img upsampling 1 time...
            img write...
Image Shot vivienne 1_8.jpg has been processed
Images in dir 8.jpg has been processed
        start processing 3.jpg...
        img resizing...
        img upsampling 1 time...
            img write...
Image Shot vivienne 1_3.jpg has been processed
Images in dir 3.jpg has been processed
        start processing 4.jpg...
        img resizing...
        img upsampling 1 time...
Images in dir 4.jpg has been processed
        start processing 7.jpg...
        img resizing...
        img upsampling 1 time...
            img write...
Image Shot vivienne 1_7.jpg has been processed
Images in dir 7.jpg has been processed
        start processing 2.jpg...
        img resizing...
        img upsampling 1 time...
            img write...
Image Shot vivienne 1_2.jpg has been processed
Images in dir 2.jpg has been processed
        start processing 10.jpg...
        img resizing...
        img upsampling 1 time...
            img write...
Image Shot vivienne 1_10.jpg has been processed
Images in dir 10.jpg has been processed
        start processing 9.jpg...
        img resizing...
        img upsampling 1 time...
            img write...
Image Shot vivienne 1_9.jpg has been processed
Images in dir 9.jpg has been processed
        start processing 5.jpg...
        img resizing...
        img upsampling 1 time...
            img write...
Image Shot vivienne 1_5.jpg has been processed
Images in dir 5.jpg has been processed
        start processing 1.jpg...
        img resizing...
        img upsampling 1 time...
            img write...
Image Shot vivienne 1_1.jpg has been processed
Images in dir 1.jpg has been processed
    tammy=======================
        start processing 6.jpg...
        img resizing...
        img upsampling 1 time...
            img write...
Image Shot tammy 1_6.jpg has been processed
Images in dir 6.jpg has been processed
        start processing 8.jpg...
        img resizing...
        img upsampling 1 time...
            img write...
Image Shot tammy 1_8.jpg has been processed
Images in dir 8.jpg has been processed
        start processing 3.jpg...
        img resizing...
        img upsampling 1 time...
            img write...
Image Shot tammy 1_3.jpg has been processed
Images in dir 3.jpg has been processed
        start processing 4.jpg...
        img resizing...
        img upsampling 1 time...
            img write...
Image Shot tammy 1_4.jpg has been processed
Images in dir 4.jpg has been processed
        start processing 7.jpg...
        img resizing...
        img upsampling 1 time...
            img write...
Image Shot tammy 1_7.jpg has been processed
Images in dir 7.jpg has been processed
        start processing 2.jpg...
        img resizing...
        img upsampling 1 time...
            img write...
Image Shot tammy 1_2.jpg has been processed
Images in dir 2.jpg has been processed
        start processing 10.jpg...
        img resizing...
        img upsampling 1 time...
            img write...
Image Shot tammy 1_10.jpg has been processed
Images in dir 10.jpg has been processed
        start processing 9.jpg...
        img resizing...
        img upsampling 1 time...
            img write...
Image Shot tammy 1_9.jpg has been processed
Images in dir 9.jpg has been processed
        start processing 5.jpg...
        img resizing...
        img upsampling 1 time...
            img write...
Image Shot tammy 1_5.jpg has been processed
Images in dir 5.jpg has been processed
        start processing 1.jpg...
        img resizing...
        img upsampling 1 time...
            img write...
Image Shot tammy 1_1.jpg has been processed
Images in dir 1.jpg has been processed
    sophia=======================
        start processing 6.jpg...
        img resizing...
        img upsampling 1 time...
            img write...
Image Shot sophia 1_6.jpg has been processed
Images in dir 6.jpg has been processed
        start processing 8.jpg...
        img resizing...
        img upsampling 1 time...
            img write...
Image Shot sophia 1_8.jpg has been processed
Images in dir 8.jpg has been processed
        start processing 3.jpg...
        img resizing...
        img upsampling 1 time...
            img write...
Image Shot sophia 1_3.jpg has been processed
Images in dir 3.jpg has been processed
        start processing 4.jpg...
        img resizing...
        img upsampling 1 time...
            img write...
Image Shot sophia 1_4.jpg has been processed
Images in dir 4.jpg has been processed
        start processing 7.jpg...
        img resizing...
        img upsampling 1 time...
Images in dir 7.jpg has been processed
        start processing 2.jpg...
        img resizing...
        img upsampling 1 time...
            img write...
Image Shot sophia 1_2.jpg has been processed
Images in dir 2.jpg has been processed
        start processing 10.jpg...
        img resizing...
        img upsampling 1 time...
            img write...
Image Shot sophia 1_10.jpg has been processed
Images in dir 10.jpg has been processed
        start processing 9.jpg...
        img resizing...
        img upsampling 1 time...
            img write...
Image Shot sophia 1_9.jpg has been processed
Images in dir 9.jpg has been processed
        start processing 5.jpg...
        img resizing...
        img upsampling 1 time...
            img write...
Image Shot sophia 1_5.jpg has been processed
Images in dir 5.jpg has been processed
        start processing 1.jpg...
        img resizing...
        img upsampling 1 time...
            img write...
Image Shot sophia 1_1.jpg has been processed
Images in dir 1.jpg has been processed
All images have been processed!!!
