    vivienne====================
       start processing 6.jpg...
        img color to gray
[ INFO:0] Initialize OpenCL runtime...
Images 6.jpg has been processed
       start processing 8.jpg...
        img color to gray
Images 8.jpg has been processed
       start processing 3.jpg...
        img color to gray
Images 3.jpg has been processed
       start processing 4.jpg...
        img color to gray
Images 4.jpg has been processed
       start processing 7.jpg...
        img color to gray
Images 7.jpg has been processed
       start processing 2.jpg...
        img color to gray
Images 2.jpg has been processed
       start processing 10.jpg...
        img color to gray
Images 10.jpg has been processed
       start processing 9.jpg...
        img color to gray
Images 9.jpg has been processed
       start processing 5.jpg...
        img color to gray
Images 5.jpg has been processed
       start processing 1.jpg...
        img color to gray
Images 1.jpg has been processed
Images in dir vivienne has been processed
    tammy====================
       start processing 6.jpg...
        img color to gray
Images 6.jpg has been processed
       start processing 8.jpg...
        img color to gray
Images 8.jpg has been processed
       start processing 3.jpg...
        img color to gray
Image Shot tammy 1_3.jpg has been processed
Images 3.jpg has been processed
       start processing 4.jpg...
        img color to gray
Images 4.jpg has been processed
       start processing 7.jpg...
        img color to gray
Images 7.jpg has been processed
       start processing 2.jpg...
        img color to gray
Images 2.jpg has been processed
       start processing 10.jpg...
        img color to gray
Images 10.jpg has been processed
       start processing 9.jpg...
        img color to gray
Images 9.jpg has been processed
       start processing 5.jpg...
        img color to gray
Images 5.jpg has been processed
       start processing 1.jpg...
        img color to gray
Images 1.jpg has been processed
Images in dir tammy has been processed
    sophia====================
       start processing 6.jpg...
        img color to gray
Images 6.jpg has been processed
       start processing 8.jpg...
        img color to gray
Images 8.jpg has been processed
       start processing 3.jpg...
        img color to gray
Images 3.jpg has been processed
       start processing 4.jpg...
        img color to gray
Images 4.jpg has been processed
       start processing 7.jpg...
        img color to gray
Images 7.jpg has been processed
       start processing 2.jpg...
        img color to gray
Image Shot sophia 1_2.jpg has been processed
Images 2.jpg has been processed
       start processing 10.jpg...
        img color to gray
Images 10.jpg has been processed
       start processing 9.jpg...
        img color to gray
Images 9.jpg has been processed
       start processing 5.jpg...
        img color to gray
Images 5.jpg has been processed
       start processing 1.jpg...
        img color to gray
Image Shot sophia 1_1.jpg has been processed
Images 1.jpg has been processed
Images in dir sophia has been processed
All images have been processed!!!
--- 19.6919400692 seconds --- find 33 faces
